0 5 2.2443666047440094
1 0 2.2476224159060596
2 4 2.2637715474516313
3 1 2.2700287490384587
4 9 2.2734109061826935
5 2 2.2762068888705036
6 1 2.23292309698075
7 3 2.2861412878454415
8 1 2.1950011259206748
9 4 2.2495639574592343
10 3 2.2433577759415284
11 5 2.2616599173932523
12 3 2.1737716779116436
13 6 2.322930211810603
14 1 2.1787116645583153
15 7 2.334344233412479
16 2 2.2852303595010106
17 8 2.343084706298196
18 6 2.295643294912718
19 9 2.303186685981498
20 4 2.255681489330109
21 0 2.3102608079869915
22 9 2.267398925936372
23 1 2.181505355881864
24 1 2.1350198191176735
25 2 2.275331937693561
26 4 2.241432003571233
27 3 2.199929962389333
28 2 2.2136424311448515
29 7 2.3491624513819622
30 3 2.1621064339140057
31 8 2.359228105509908
32 6 2.3162969139082135
33 9 2.2739116809827906
34 0 2.3245598270325494
35 5 2.3339286541849824
36 6 2.2830775511831276
37 0 2.2879427327965645
38 7 2.3400652500564694
39 6 2.2480188399463774
40 1 2.1788993676747803
41 8 2.3508269609335444
42 7 2.3072709280053236
43 9 2.272938279960486
44 3 2.2092794626346026
45 9 2.2335938217835585
46 8 2.3250847552219978
47 5 2.338982488351281
48 9 2.20180717091036
49 3 2.173741214623757
50 3 2.116130544682602
51 0 2.2788008160684203
52 7 2.310084801187628
53 4 2.327581098432038
54 9 2.182845100413051
55 8 2.3180910507648886
56 0 2.252092569040576
57 9 2.149872098266465
58 4 2.3011399155119836
59 1 2.2323467390846696
60 4 2.258209110311125
61 4 2.2173524762396357
62 6 2.3150877533392467
63 0 2.2139633096636717
64 4 2.177100250280772
65 5 2.3745802583909765
66 6 2.284173306180258
67 1 2.224356040640528
68 0 2.175306447921905
69 0 2.0442236533956475
70 1 2.1949782587445785
71 7 2.348724362763582
72 1 2.152511366511858
73 6 2.2706587073471445
74 3 2.1554283335046596
75 0 1.9215752788937435
76 2 2.393215404235674
77 1 2.1342234369427038
78 1 2.0883838230679084
79 7 2.3378107872137615
80 9 2.2451240560363575
81 0 1.7773411493856304
82 2 2.2629936149237824
83 6 2.27838501673244
84 7 2.3221188951622502
85 8 2.4212274910704252
86 3 2.2018204592736104
87 9 2.2118312559010866
88 0 1.6736225724700518
89 4 2.268268127676726
90 6 2.2594610077673942
91 7 2.2944458776660843
92 4 2.2336879202429283
93 6 2.2204714511841757
94 8 2.3948805890001568
95 0 1.482945579291431
96 7 2.2686579686851296
97 8 2.3644399305704775
98 3 2.1119963639707504
99 1 2.1579559240287276
100 5 2.480196103417065
101 7 2.2483208270464985
102 1 2.1247988634067245
103 7 2.204198872009391
104 1 2.088030766259853
105 1 2.045482083518392
106 6 2.2389700902663625
107 3 2.087347201429253
108 0 1.4787733787780935
109 2 2.427795849438254
110 9 2.295261377370903
111 3 1.7236114557406383
112 1 2.0364908165054794
113 1 1.9945323736702172
114 0 0.9015764456954592
115 4 2.299014427838444
116 9 2.2599407889702494
117 2 2.229173160376749
118 0 0.9406632569142626
119 0 0.22736868164886526
120 2 1.8899978354146911
121 0 0.14819232556285014
122 2 2.086710928541208
123 7 2.259473926070167
124 1 1.9956215228332967
125 8 2.4528722468735045
126 6 2.3012280979795783
127 4 2.2910993243501308
128 1 1.9691042693686882
129 6 2.2466017245015415
130 3 2.2214016926601587
131 4 2.261945580061625
132 5 2.535056417968953
133 9 2.278748862355725
134 1 1.9593116518307512
135 3 2.1603281575609636
136 3 2.052213045538283
137 8 2.4220907202466613
138 5 2.566109824471837
139 4 2.247827767688107
140 7 2.2778319577374195
141 7 2.2330927633687296
142 4 2.2138651582877356
143 2 2.4411505278877295
144 8 2.400585009044429
145 5 2.4815100359000013
146 8 2.3566045890851552
147 6 2.2817049815030255
148 7 2.217394025824808
149 3 1.8671426070460648
150 4 2.2030973637649245
151 6 2.2521415828497315
152 1 2.019907396227394
153 9 2.321221085502247
154 9 2.2761522804792453
155 6 2.2242229242865776
156 0 0.6704477868249694
157 3 1.8780307472911693
158 7 2.259963055484215
159 2 2.2185993594779125
160 8 2.370487354898571
161 2 1.5447672601758737
162 9 2.257806004189302
163 4 2.214300417091818
164 4 2.169438115777196
165 6 2.220702937693971
166 4 2.131165682856728
167 9 2.2341330809061457
168 7 2.218087223261844
169 0 0.7200672208258907
170 9 2.1982954103780514
171 2 1.458047883360021
172 9 2.15683634984333
173 5 2.53942959022429
174 1 2.088106169278886
175 5 2.507880754404625
176 9 2.128274177920292
177 1 2.0561741695374067
178 2 1.2350932751887698
179 3 1.5050922688184862
180 2 2.045350025222588
181 3 1.2309137956662517
182 5 2.2996174540189775
183 9 2.1069813267142274
184 1 2.0345761138152185
185 7 2.2442503682913473
186 6 2.2679278340895532
187 2 0.8789796882978782
188 8 2.429016414841736
189 2 0.8992138497014328
190 2 0.38265387564897596
191 5 2.3123875184460543
192 0 0.9334450172041158
193 7 2.22025668702568
194 4 2.2046467149011977
195 9 2.110153154743674
196 7 2.1889617160301253
197 8 2.4115613245636256
198 3 1.8894431565836411
199 2 1.397451414123207
200 1 2.0568692746577613
201 1 2.016322912772435
202 8 2.38265197645972
203 3 1.7112990156466985
204 6 2.289387689662061
205 1 1.992509302744161
206 0 0.2747601779499189
207 3 1.6456587050537088
208 1 1.9507284279635495
209 0 0.09008346769891046
210 0 0.5058151929377058
211 1 1.9115584231223195
212 7 2.2091539121450277
213 2 1.7631757651654458
214 7 2.1690854633640164
215 3 1.5858909780679173
216 0 0.4024473543493543
217 4 2.2491597967570516
218 6 2.28929590549667
219 5 2.438546694061887
220 2 1.5866781149943756
221 6 2.245388562705371
222 4 2.216053064831879
223 7 2.1539854275634234
224 1 1.9262774212382865
225 8 2.413773389527523
226 9 2.1960918304263877
227 9 2.152152369369739
228 3 2.3396048448418365
229 0 0.14774212145450527
230 7 2.1402596354253136
231 1 1.9206773415515355
232 0 2.5150925592673206
233 2 2.403246135981873
234 0 0.24814870865752145
235 3 1.7321725720508525
236 5 2.4158340026425953
237 4 2.2330272882117588
238 6 2.2707118993100233
239 5 2.3287346832710276
240 8 2.4159150618581426
241 6 2.209894838359234
242 3 1.29868128652993
243 7 2.1499928884006216
244 5 2.172600118449393
245 8 2.3805360292101674
246 0 0.2559149502967622
247 9 2.181136404777952
248 1 1.9552365029735088
249 0 0.05529267063119916
250 3 2.3114495075996673
251 1 1.9212273558516066
252 2 2.3199589032297627
253 2 1.9393159870251808
254 3 1.5081624736239867
255 3 0.8227524042992775
256 6 2.267763885434104
257 4 2.26125483933458
258 7 2.1819725822153724
259 5 2.3242207015644314
260 0 0.5322607856183197
261 6 2.190066211319675
262 2 1.8900157101504356
263 7 2.1355100768304447
264 9 2.2025375183796116
265 8 2.397101279647838
266 5 2.0418006437096636
267 9 2.16292748616834
268 2 2.401790260313844
269 1 1.9658579312671063
270 1 1.9241493717859321
271 4 2.2707928379338753
272 4 2.226038109965025
273 5 1.9072351277697184
274 6 2.2376265914733113
275 4 2.1895586551632165
276 1 1.915501535701887
277 2 1.679771031838769
278 5 1.599954867300459
279 3 1.0503652020441199
280 9 2.1776839361373628
281 3 0.38750533896202755
282 9 2.1346371858303383
283 0 0.026299483303552574
284 5 1.3726249845300666
285 9 2.091810878982507
286 6 2.2112525366270956
287 5 1.4933472509606882
288 7 2.199214394865661
289 4 2.193613360435736
290 1 1.934172440995777
291 3 0.6035500603602418
292 4 2.158023769945529
293 0 0.02497302822541716
294 4 2.1140646677007275
295 8 2.4576554565301616
296 0 0.08552165280819138
297 4 2.0738903390650774
298 3 0.5113580690265108
299 6 2.2011271752749213
300 8 2.4025518504607666
301 7 2.2009529510298913
302 6 2.1495092946244894
303 0 0.030583768755435954
304 9 2.124508602500779
305 7 2.1682267787620897
306 5 1.3427293648964285
307 7 2.125715210328854
308 2 2.1369342567588157
309 1 1.9764010442248818
310 1 1.9307174741012203
311 6 2.063055513513458
312 8 2.4216914574511557
313 9 2.1225253372314947
314 4 2.114978129131072
315 1 1.919529594406973
316 5 1.499982855274419
317 2 1.8280066945562548
318 2 2.0032966255688627
319 9 2.1027979676337263
320 0 0.16973538421810422
321 3 0.3835742220921533
322 9 2.059335286122373
323 6 1.9444915400767966
324 7 2.15743469417851
325 2 1.5260364798795514
326 0 0.11658515642951031
327 3 0.2569770172417688
328 5 1.7176750825849476
329 4 2.1144309641799914
330 3 0.09960260538773319
331 6 1.8905040509854065
332 5 1.3625193154449433
333 8 2.3726052368058945
334 9 2.048685551816134
335 5 1.575582226842613
336 4 2.0900812100480306
337 7 2.1500180062331697
338 4 2.053840676292443
339 2 1.4811207206735044
340 7 2.1255322252484374
341 3 0.1894420462303125
342 4 2.0185707122504244
343 8 2.294348069877482
344 9 2.0487437876607593
345 1 1.9999515433726764
346 9 2.038257550949634
347 2 1.041157328094539
348 8 2.4056627551876772
349 7 2.108393859067953
350 9 1.984739084759574
351 1 1.98290155925483
352 8 2.2157222653097604
353 7 2.0844720992243144
354 4 2.042543942531644
355 1 1.9585146941353517
356 3 0.524785492118595
357 1 1.9148885661162551
358 1 1.878111419866417
359 0 0.061443293123645215
360 2 1.2360454923046922
361 3 0.17164165881734636
362 9 2.002529238641429
363 4 2.0366695382607527
364 9 1.9682659460267988
365 2 0.5250684465405462
366 1 1.8652687704124349
367 6 1.5280149947239856
368 8 2.2406148062549747
369 4 2.0184295367490064
370 7 2.124498653668355
371 7 2.0843468720319374
372 4 1.9894809783251348
373 4 1.9477844791527545
374 9 1.9810735723103292
375 2 0.22647438742835987
376 5 2.1479066400545497
377 7 2.061076038474811
378 2 0.19846435445955615
379 4 1.9277491908827502
380 4 1.897913439536017
381 2 0.12343424904142654
382 1 1.901819028690066
383 9 1.9749646284790423
384 7 2.049521963322447
385 2 0.04940656226820386
386 8 2.184119954578422
387 7 2.010120864085976
388 6 2.1454624265221276
389 9 1.9571779211353943
390 2 0.14875916068923442
391 2 0.05877037225693837
392 3 0.1725193848688822
393 8 2.0844602969738686
394 1 1.9017646080793318
395 6 1.2777624843914976
396 5 1.84037137714514
397 1 1.8376820898968595
398 1 1.807064214306472
399 0 0.011947939135277297
400 2 0.400145734588946
401 6 1.1736792794435849
402 4 1.9508044001480445
403 5 1.4682250265776131
404 8 1.6984776319908281
405 3 0.14683054839330026
406 1 1.7495724702377065
407 5 1.2166077985735864
408 1 1.7136377929797584
409 9 1.9839148666962445
410 2 0.2840606529130202
411 7 2.0573375310273994
412 4 1.9374970022109084
413 4 1.8963375914610296
414 4 1.7897119870792475
415 8 2.170215266001043
416 1 1.6426597226543267
417 5 1.8017546684568504
418 8 2.110477972280611
419 9 1.9982462233003495
420 5 1.6447859048611162
421 6 0.7179433839670102
422 7 2.069996024675864
423 9 1.965979689813834
424 9 1.9220938059499195
425 3 0.141697294798297
426 7 2.0398542327285583
427 0 0.03290764808236071
428 9 1.889337808906077
429 0 0.019150485585027643
430 6 0.9881578857289105
431 6 0.26104484298792086
432 2 0.4130083354880695
433 3 0.06303382311271126
434 9 1.8546435119605484
435 0 0.0191212128763824
436 7 2.020060791061975
437 5 1.4269620721524867
438 4 1.922635623143539
439 8 1.7565711698260629
440 0 0.037837281037075975
441 9 1.8400337343855262
442 4 1.8863039386078955
443 1 1.667465885324672
444 2 2.363785476832398
445 8 1.4410832498257407
446 7 1.9712805216952045
447 1 1.4534130542407133
448 2 0.23153371980597226
449 6 0.201985912401202
450 1 1.3919283598353323
451 0 0.009220006435639366
452 3 0.008445927229812232
453 0 0.00490136085398187
454 1 1.3777627828691752
455 1 0.8714478473256003
456 8 1.574706248796388
457 2 0.07223447371445785
458 0 0.006615567507370966
459 3 0.37325625770357856
460 9 1.8692132080171744
461 4 1.9188795777533663
462 0 0.005814998919869857
463 5 1.9037396571511844
464 0 0.005495154525092655
465 6 0.03394575490654204
466 1 1.0655942858822613
467 7 1.9980302963449774
468 7 1.916355838286622
469 8 1.8876141211616406
470 1 1.1214124839668176
471 9 1.9107761525758566
472 2 0.5503180341990307
473 0 0.029620564869136595
474 5 1.4721152682300753
475 1 0.7239257145025748
476 2 1.4137863391641055
477 2 0.057453356592798356
478 7 2.000770795417348
479 3 0.09624949633074896
480 5 1.0115206756897468
481 4 1.90154322323049
482 9 1.851961321734546
483 7 1.8536014776887346
484 1 0.9750960381792122
485 8 2.140928919493045
486 3 0.25582594918939516
487 9 1.827350935610768
488 6 2.1407909854226457
489 0 0.08399373913400983
490 3 0.04302211487440046
491 1 0.7311672957058892
492 1 0.33925697824692236
493 2 0.1158601752669859
494 6 0.1771604897082131
495 3 0.06569140382473537
496 5 0.993731176471166
497 7 2.0113796713458156
498 6 0.25733619690480125
499 8 1.7327386697837432
500 3 1.7879522949159874
501 9 1.8223475091276629
502 5 1.0533648906747706
503 8 1.4341494774906165
504 5 0.015227571134466508
505 7 1.910775028901016
506 6 0.13536016039188617
507 1 0.5083432824177635
508 1 0.30036467790230365
509 3 1.6914784865820574
510 1 0.31796946718465074
511 7 1.9193927060749072
512 5 0.10324285794201109
513 5 0.12336706446810847
514 5 0.06123410755827309
515 2 0.00256845881193993
516 5 0.1291355628073465
517 8 1.3245327264907454
518 7 1.884360614982515
519 0 0.008226953013684167
520 9 1.803894057751871
521 7 1.5864245184081418
522 7 1.7528292557243454
523 5 1.2120560630524084
524 0 0.049657810705879574
525 9 1.8056130822999714
526 0 0.005840614343623472
527 0 0.04832841816120762
528 8 1.9393024710139741
529 9 1.7677243343150886
530 2 0.1074053953099426
531 4 2.0041994597974275
532 8 1.483903560008619
533 1 0.36934314379332606
534 6 0.3212312386837668
535 1 0.14682475469650835
536 6 0.2133891163715548
537 5 0.24051904760120296
538 1 0.1580404852881526
539 8 0.8104412476412509
540 3 1.5002353572300817
541 4 1.9817263616788738
542 0 0.016049804544730945
543 5 0.4742993476349955
544 5 0.05238434911969206
545 8 0.4688438419243647
546 3 0.09894856559883601
547 6 0.1536338814019714
548 2 0.00227587854096231
549 3 0.05442848284434513
550 9 1.7362604932539125
551 2 0.02754420721680681
552 1 0.1817565615152121
553 1 0.059120361337473955
554 5 1.0078365969567904
555 2 0.04439318538246537
556 1 0.1247876088839285
557 3 0.06465397859481692
558 2 1.1501612037028028
559 8 0.3228185090294015
560 7 1.9460273019393541
561 3 0.12427946232364245
562 7 1.6307674251970543
563 2 0.043545642010085775
564 4 1.9692464031373877
565 6 0.09334765005412703
566 9 1.7064613593748372
567 7 1.786988144594493
568 2 0.05075114948201317
569 4 1.8773299546334399
570 2 0.0295730333700568
571 8 0.5883139891297464
572 1 0.25375355557179546
573 1 0.15421275407278615
574 3 0.25762372479524354
575 8 0.4988304252442312
576 4 2.0573699969424366
577 0 0.007739612855641805
578 6 0.19223956806696235
579 5 1.1787002184465831
580 9 1.6875792475247522
581 3 0.09288015224821353
582 0 0.022840910081035448
583 9 1.6272429370557808
584 2 0.14504959335414455
585 4 1.9075801510210821
586 7 1.8075874472674482
587 1 0.19005872402689522
588 2 0.31093957518973653
589 9 1.6365956955228385
590 4 1.8858445026141673
591 2 0.002739375370947654
592 6 0.28762450353863483
593 1 0.22451108734563807
594 8 1.064462866509614
595 9 1.5897680796944893
596 0 0.03200624749579378
597 6 0.03182464283770119
598 6 0.002858592022163765
599 7 1.811207079515326
600 9 1.458832439205642
601 9 1.6118371973152301
602 8 0.2517432376427545
603 0 0.028198865456262424
604 1 0.5966903407454393
605 4 1.7642115835517307
606 4 1.703229180105799
607 6 0.08988138893994325
608 7 1.5570683887454275
609 1 0.09227539083077389
610 5 1.8805837629423305
611 7 1.7643894996450604
612 0 0.03197916560202654
613 3 0.4382301658058817
614 5 0.8648683939521722
615 8 1.0607834189021406
616 4 1.63711092137383
617 7 1.7187233612567627
618 1 0.5427389940513906
619 2 0.029647287921425076
620 5 0.10441417715663197
621 9 1.5189311933508785
622 5 0.06809291739321933
623 6 0.10157940333564965
624 7 1.6423774686616408
625 5 0.10709318170817461
626 9 1.5530211846950206
627 8 1.9125365556726093
628 8 0.612905666603811
629 3 0.23305123111584597
630 6 0.5199541012866541
631 9 1.4871724636398178
632 7 1.6633857513303532
633 0 0.00180675106693059
634 7 1.5718561377037432
635 5 1.7758102098320603
636 7 1.427934437318864
637 1 0.1507667837540771
638 1 0.23053082968135083
639 0 0.0008426539945116513
640 7 1.3183218453661238
641 9 1.4783963133883227
642 2 0.03526324539699819
643 3 0.039378364188488696
644 7 1.3092170718346854
645 3 0.06875334230361049
646 2 0.14477305596205994
647 4 1.9122381625709464
648 1 0.45652415720066564
649 6 0.05967152101030374
650 2 1.456757530924963
651 7 1.2465413131883543
652 5 0.7970890148767341
653 5 0.4621291559071692
654 7 1.089902090762745
655 4 1.9079983364062536
656 0 0.009596628084406176
657 2 0.035567286653317605
658 6 0.006091535548686453
659 3 0.339491214935638
660 6 0.08588916177048057
661 4 1.734072985622016
662 0 0.027133657817427825
663 4 1.5989476193907484
664 2 1.9621444560946748
665 6 0.031081518737878837
666 0 0.029183835078222024
667 0 0.03350708871359501
668 0 0.028930391617533496
669 0 0.0002665803963335285
670 3 0.9858695059114406
671 1 0.1308123288076322
672 6 0.044315426439832245
673 2 0.02538576537959523
674 2 0.10988822707090924
675 3 0.01426826458563524
676 1 0.12166573705396838
677 4 1.7795698991633202
678 1 0.11865686285723322
679 5 0.27995988861451027
680 4 1.4961526259958495
681 6 0.03125222817924525
682 4 1.4751340699802498
683 7 1.2301038589087678
684 2 0.02039455677672185
685 8 0.7542008810000224
686 7 1.3053176743966493
687 9 1.6297232882015695
688 2 0.0653847331243427
689 0 0.0006483482331265892
690 5 1.2795114178143148
691 1 0.10249287300898312
692 4 1.712304518374667
693 2 0.026629511937526936
694 8 0.6448217262977471
695 3 0.022022896027053693
696 2 0.05848797394055284
697 4 1.6803753134326433
698 1 0.049740586592093544
699 5 0.5573749975707764
700 4 1.3432592053752481
701 6 0.09102590381237058
702 0 0.01544018819803353
703 7 1.0379793794377719
704 9 1.718065003608887
705 8 0.17536013064762196
706 4 1.5991596490408442
707 9 1.397276381111393
708 8 0.25002765387048226
709 0 0.014798396032764232
710 1 0.12349761531993354
711 1 0.054722397982930014
712 0 0.002158591258082107
713 2 0.0066097781417810576
714 2 0.030256627313189784
715 3 0.024916197452306103
716 2 0.007982165273591232
717 4 1.5916237208200388
718 4 1.5533680561506031
719 5 0.11306981647361417
720 8 0.6324107865726185
721 6 0.04493332774779214
722 5 0.14265652493244882
723 7 1.1215190598613767
724 7 0.7578093738533298
725 8 0.043388670034122265
726 8 0.1280989749707677
727 9 1.3298139014121457
728 7 0.9342936312647783
729 4 1.556357159858613
730 7 0.6326199173385224
731 3 0.018906070654339892
732 2 0.0018149197371104566
733 0 0.0129336053172572
734 8 0.024535171288454744
735 6 0.04411342294543064
736 8 0.09588662758117514
737 6 0.05719170687384968
738 1 0.39066778199286856
739 6 0.045682971205422654
740 8 0.02650072293905184
741 9 1.4970556685288599
742 4 1.3450623173157448
743 0 0.0048574052500274705
744 9 1.4178716206136759
745 0 0.011396147637999676
746 4 1.0676342097463896
747 1 0.09071640314524189
748 5 0.1492112762928521
749 4 1.4082758307270145
750 7 0.6559392006988024
751 5 0.03989597072337201
752 3 0.005414799770601884
753 7 0.4494512775461015
754 4 1.2312590480463776
755 9 1.3814484139106484
756 8 0.39384347326373514
757 5 0.03401721643936839
758 8 0.0391491784998729
759 6 0.04422891963309764
760 3 0.659043966244864
761 8 0.06301635273826761
762 6 0.1124647199738476
763 9 1.2647822736284826
764 9 1.0641223760115341
765 1 0.02963619552770986
766 8 0.010900171752044404
767 3 0.0314116573485445
768 5 0.040551804525484285
769 8 0.006882644022043149
770 6 0.32648041121511545
771 5 0.048946096664151395
772 9 0.8797067877796003
773 7 0.33459577756832054
774 2 0.011454178641232497
775 5 0.12595476569765707
776 0 0.1466704801420447
777 8 0.05176304797391681
778 5 2.274387848208166
779 1 0.02933239365795641
780 1 0.09800866092179952
781 0 0.0021499246499412446
782 9 1.4306801354306329
783 1 0.016586260712194843
784 8 0.0391476840344281
785 6 0.026603375505755558
786 7 0.4731043061447454
787 0 0.003987310199723454
788 9 0.8901911191725109
789 3 0.009516063353159326
790 0 7.911014145010937e-06
791 8 0.009422948753596517
792 8 0.05461600669079698
793 9 0.42986676091332443
794 6 0.029317248191703678
795 7 0.15587681454267877
796 8 0.1452467938449838
797 4 1.5713338624278836
798 7 0.1538966610597792
799 5 0.11431473887898186
800 9 0.7197409940071322
801 2 0.009889853006127604
802 6 0.07442662480490625
803 7 0.1833495761783142
804 4 1.4033314938418295
805 5 0.05575998207693623
806 9 0.5349589050128651
807 2 0.011780779459054857
808 3 0.5878049178202492
809 1 0.03297174531641631
810 6 0.021459130734515424
811 3 0.03344057297180833
812 9 0.5060878186306667
813 2 0.031785239188528505
814 2 4.0204493444740373e-05
815 5 0.04734846617771069
816 6 0.019437475419379683
817 8 0.031751025064828714
818 0 0.01935018041982468
819 7 0.11714079075597719
820 7 0.17116795962439943
821 1 0.029558148794817808
822 9 0.5795169515673034
823 8 0.044637721714316105
824 7 0.174901647387982
825 0 0.0018215037156177735
826 9 1.3680648681351089
827 9 0.32443074138806877
828 4 1.3213577784582684
829 6 0.05466533176707932
830 2 1.241813344932101e-06
831 8 0.029275755836054913
832 5 0.06427845027231671
833 1 0.013706017292939373
834 4 1.1321916066981912
835 1 0.01679126064788302
836 5 0.042261750129116926
837 5 0.0013464427403732501
838 1 0.06171034675082257
839 7 0.1008758851400389
840 3 0.0035860713253564355
841 6 0.011127955633228156
842 4 0.8594884024414668
843 3 0.03758974978089862
844 2 0.0014841641804432932
845 5 0.04351068527918886
846 6 0.029794418770353145
847 4 1.0444498980752954
848 4 0.6996329844310076
849 0 0.0003501588432934385
850 4 0.2406169952956603
851 4 0.25834798838685996
852 6 0.11279881264092886
853 7 0.11761522003693228
854 2 3.1323525741835776
855 4 0.6774570641089063
856 3 0.1262276107211996
857 3 0.0348846256995378
858 8 1.9403504271964853
859 0 0.009361341498468005
860 0 0.0008936710528032383
861 3 0.027625945749619973
862 2 0.04611760822282573
863 2 0.05578956641902717
864 9 1.0848706004472144
865 8 0.07095342769745194
866 2 0.008289340961604864
867 3 0.0813330268901779
868 7 0.6145312197714633
869 0 0.016341155569206765
870 1 0.08649815052685081
871 1 0.019297743203267843
872 0 0.0018379120825402148
873 2 7.1875804846209e-05
874 3 1.5042130079513468e-05
875 3 0.015069363062025538
876 8 0.3241927649147337
877 4 1.3771829315700608
878 3 0.060037603050631765
879 5 1.2606205234566015
880 7 0.16455804786511163
881 6 0.057595564993640304
882 4 0.6986046299904628
883 7 0.11325993336099029
884 7 0.7111098093980741
885 8 0.023223915566148102
886 5 0.03869612952515848
887 9 0.5587255744656222
888 7 0.04152384828133419
889 0 0.026882470462182163
890 3 0.021615160408965647
891 1 0.1267287835485299
892 6 0.3377128845603175
893 2 0.9530907814350198
894 4 0.8118163053049864
895 3 0.00803768791301769
896 4 0.29983735042513715
897 4 0.3187672576877545
898 7 0.09639533232429359
899 5 1.3241371703889675
900 9 0.9535684679651506
901 6 0.03813186071646133
902 9 1.5636888236104447
903 0 0.03705132817593312
904 7 0.03204171429815721
905 1 0.15636683808059312
906 4 1.3645002759450644
907 2 0.051997640394279274
908 7 0.14471142931502057
909 3 0.00024341797496663654
910 6 0.217827716980319
911 7 0.0419830251160848
912 5 0.3941814270715841
913 8 0.04705726983976105
914 4 1.3579986330420577
915 5 0.7233925002916769
916 5 0.009077852800303298
917 2 0.0031320220526439495
918 7 0.05515003033192207
919 1 0.06401801422095697
920 1 0.011680264095444518
921 5 0.184464547439186
922 6 0.5163193930525831
923 8 0.06267399823319614
924 5 0.044457178517398076
925 8 0.03956628464308813
926 4 1.2401266541472966
927 0 0.024028777964434263
928 7 0.025208148075602947
929 9 0.9998409866116519
930 9 0.5811269555143289
931 2 0.04720929172852945
932 9 0.5716306510453003
933 7 0.1456353138746554
934 7 0.005276811195361796
935 8 0.0366924809570706
936 7 0.04207458422215158
937 4 1.3818866898205089
938 2 0.005963862111799087
939 6 0.4563063154109015
940 9 0.6791416842040385
941 1 0.14169039495999125
942 7 0.005690466302456105
943 0 0.045015390278066704
944 6 0.006346842552966828
945 4 1.3341438304135502
946 2 0.0033218223314135775
947 5 0.2258345051277044
948 7 0.004760486255172443
949 0 0.028928285685673613
950 7 0.0021414257170896496
951 1 0.06256072008609774
952 0 0.015044562896556542
953 3 0.029557719894340695
954 7 0.03537585099437989
955 6 0.07686558283531815
956 5 0.024500469141588658
957 0 0.013727392807924236
958 6 0.00023643913227011748
959 1 0.014340715664167435
960 5 0.08319580099440466
961 1 0.019485573925688657
962 7 0.01733659965763754
963 8 0.05862331839926364
964 5 0.03852044760302902
965 0 0.008448745332703414
966 3 1.156516357142168
967 4 0.9149895347357178
968 7 0.10866101335616826
969 7 0.0023157997954535037
970 5 0.04645781489668993
971 7 0.13530771154622642
972 8 0.015701831462991873
973 6 0.02557479434280109
974 9 0.7791493344732828
975 3 0.0007445918189929038
976 8 0.024418566939623968
977 6 0.07752953545133727
978 1 0.28786065900981195
979 0 0.020719244101663824
980 9 0.32860331848198393
981 7 0.02512415611276312
982 1 0.07016948032294022
983 3 0.006390978855727009
984 0 0.04190487407996625
985 5 0.23002407200130912
986 6 0.04849707725190723
987 4 0.8076815811056482
988 4 1.0113640941788289
989 2 0.018510655467337916
990 4 0.552257990029579
991 4 0.37420234200950836
992 3 0.02962848273041057
993 1 0.07166904618374759
994 7 0.015002907950249993
995 7 0.013179348398158963
996 6 0.036581652575902554
997 0 0.0012592098185988207
998 3 0.024139507845574143
999 6 0.02966595614418515